<?xml version="1.0" encoding="UTF-8"?>
<!-- Generated by org.testng.reporters.JUnitXMLReporter -->
<testsuite hostname="BELUS2655-MBP" name="EmployeesRestAPITest" tests="29" failures="0" timestamp="2 Jul 2019 23:55:29 GMT" time="13.852" errors="0">
  <testcase name="checkContentType" time="0.061" classname="com.employeeapi.testCases.Test_GetSingleEmployeeRecord"/>
  <testcase name="checkResponseBody" time="0.331" classname="com.employeeapi.testCases.Test_GetSingleEmployeeRecord"/>
  <testcase name="checkResponseTime" time="0.002" classname="com.employeeapi.testCases.Test_GetSingleEmployeeRecord"/>
  <testcase name="checkStatusCode" time="0.001" classname="com.employeeapi.testCases.Test_GetSingleEmployeeRecord"/>
  <testcase name="checkStatusLine" time="0.001" classname="com.employeeapi.testCases.Test_GetSingleEmployeeRecord"/>
  <testcase name="checkContentEncoding" time="0.001" classname="com.employeeapi.testCases.Test_GetAllEmployees"/>
  <testcase name="checkContentType" time="0.002" classname="com.employeeapi.testCases.Test_GetAllEmployees"/>
  <testcase name="checkCookies" time="0.001" classname="com.employeeapi.testCases.Test_GetAllEmployees"/>
  <testcase name="checkResponseBody" time="0.152" classname="com.employeeapi.testCases.Test_GetAllEmployees"/>
  <testcase name="checkResponseTime" time="0.001" classname="com.employeeapi.testCases.Test_GetAllEmployees"/>
  <testcase name="checkServerType" time="0.001" classname="com.employeeapi.testCases.Test_GetAllEmployees"/>
  <testcase name="checkStatusCode" time="0.001" classname="com.employeeapi.testCases.Test_GetAllEmployees"/>
  <testcase name="checkStatusLine" time="0.001" classname="com.employeeapi.testCases.Test_GetAllEmployees"/>
  <testcase name="checkContentType" time="0.001" classname="com.employeeapi.testCases.Test_CreateNewEmployeeRecord"/>
  <testcase name="checkResponseBody" time="0.022" classname="com.employeeapi.testCases.Test_CreateNewEmployeeRecord"/>
  <testcase name="checkResponseTime" time="0.001" classname="com.employeeapi.testCases.Test_CreateNewEmployeeRecord"/>
  <testcase name="checkServerType" time="0.001" classname="com.employeeapi.testCases.Test_CreateNewEmployeeRecord"/>
  <testcase name="checkStatusCode" time="0.001" classname="com.employeeapi.testCases.Test_CreateNewEmployeeRecord"/>
  <testcase name="checkStatusLine" time="0.001" classname="com.employeeapi.testCases.Test_CreateNewEmployeeRecord"/>
  <testcase name="checkContentType" time="0.0" classname="com.employeeapi.testCases.Test_UpdateSingleEmployeeRecord"/>
  <testcase name="checkResponseBody" time="0.022" classname="com.employeeapi.testCases.Test_UpdateSingleEmployeeRecord"/>
  <testcase name="checkResponseTime" time="0.001" classname="com.employeeapi.testCases.Test_UpdateSingleEmployeeRecord"/>
  <testcase name="checkServerType" time="0.001" classname="com.employeeapi.testCases.Test_UpdateSingleEmployeeRecord"/>
  <testcase name="checkStatusCode" time="0.0" classname="com.employeeapi.testCases.Test_UpdateSingleEmployeeRecord"/>
  <testcase name="checkStatusLine" time="0.0" classname="com.employeeapi.testCases.Test_UpdateSingleEmployeeRecord"/>
  <testcase name="checkContentType" time="0.001" classname="com.employeeapi.testCases.Test_DeleteEmployeeRecord"/>
  <testcase name="checkResponseBody" time="0.0" classname="com.employeeapi.testCases.Test_DeleteEmployeeRecord"/>
  <testcase name="checkStatusCode" time="0.001" classname="com.employeeapi.testCases.Test_DeleteEmployeeRecord"/>
  <testcase name="checkStatusLine" time="0.0" classname="com.employeeapi.testCases.Test_DeleteEmployeeRecord"/>
</testsuite> <!-- EmployeesRestAPITest -->
